Determining if the pthread_create exist failed with the following output:
Change Dir: /home/zero/catkin_ws/build/CMakeFiles/CMakeTmp

Run Build Command:"/usr/bin/make" "cmTC_a668c/fast"
/usr/bin/make -f CMakeFiles/cmTC_a668c.dir/build.make CMakeFiles/cmTC_a668c.dir/build
make[1]: Entering directory '/home/zero/catkin_ws/build/CMakeFiles/CMakeTmp'
Building C object CMakeFiles/cmTC_a668c.dir/CheckSymbolExists.c.o
/usr/bin/cc     -o CMakeFiles/cmTC_a668c.dir/CheckSymbolExists.c.o   -c /home/zero/catkin_ws/build/CMakeFiles/CMakeTmp/CheckSymbolExists.c
Linking C executable cmTC_a668c
/usr/bin/cmake -E cmake_link_script CMakeFiles/cmTC_a668c.dir/link.txt --verbose=1
/usr/bin/cc       CMakeFiles/cmTC_a668c.dir/CheckSymbolExists.c.o  -o cmTC_a668c -rdynamic 
CMakeFiles/cmTC_a668c.dir/CheckSymbolExists.c.o：在函数‘main’中：
CheckSymbolExists.c:(.text+0x16)：对‘pthread_create’未定义的引用
collect2: error: ld returned 1 exit status
CMakeFiles/cmTC_a668c.dir/build.make:97: recipe for target 'cmTC_a668c' failed
make[1]: *** [cmTC_a668c] Error 1
make[1]: Leaving directory '/home/zero/catkin_ws/build/CMakeFiles/CMakeTmp'
Makefile:126: recipe for target 'cmTC_a668c/fast' failed
make: *** [cmTC_a668c/fast] Error 2

File /home/zero/catkin_ws/build/CMakeFiles/CMakeTmp/CheckSymbolExists.c:
/* */
#include <pthread.h>

int main(int argc, char** argv)
{
  (void)argv;
#ifndef pthread_create
  return ((int*)(&pthread_create))[argc];
#else
  (void)argc;
  return 0;
#endif
}

Determining if the function pthread_create exists in the pthreads failed with the following output:
Change Dir: /home/zero/catkin_ws/build/CMakeFiles/CMakeTmp

Run Build Command:"/usr/bin/make" "cmTC_7a108/fast"
/usr/bin/make -f CMakeFiles/cmTC_7a108.dir/build.make CMakeFiles/cmTC_7a108.dir/build
make[1]: Entering directory '/home/zero/catkin_ws/build/CMakeFiles/CMakeTmp'
Building C object CMakeFiles/cmTC_7a108.dir/CheckFunctionExists.c.o
/usr/bin/cc    -DCHECK_FUNCTION_EXISTS=pthread_create   -o CMakeFiles/cmTC_7a108.dir/CheckFunctionExists.c.o   -c /usr/share/cmake-3.5/Modules/CheckFunctionExists.c
Linking C executable cmTC_7a108
/usr/bin/cmake -E cmake_link_script CMakeFiles/cmTC_7a108.dir/link.txt --verbose=1
/usr/bin/cc   -DCHECK_FUNCTION_EXISTS=pthread_create    CMakeFiles/cmTC_7a108.dir/CheckFunctionExists.c.o  -o cmTC_7a108 -rdynamic -lpthreads 
/usr/bin/ld: 找不到 -lpthreads
collect2: error: ld returned 1 exit status
CMakeFiles/cmTC_7a108.dir/build.make:97: recipe for target 'cmTC_7a108' failed
make[1]: *** [cmTC_7a108] Error 1
make[1]: Leaving directory '/home/zero/catkin_ws/build/CMakeFiles/CMakeTmp'
Makefile:126: recipe for target 'cmTC_7a108/fast' failed
make: *** [cmTC_7a108/fast] Error 2


